<?xml version="1.0" encoding="UTF-8"?>
<!-- Generated by org.testng.reporters.JUnitReportReporter -->
<testsuite hostname="DESKTOP-P6R94B2" failures="0" tests="1" name="Automation.validateTitle" time="6.191" errors="0" timestamp="2021-03-22T17:23:28 CET" skipped="0">
  <testcase classname="Automation.validateTitle" name="getTitle" time="6.191"/>
  <system-out/>
</testsuite> <!-- Automation.validateTitle -->
