<?xml version="1.0" encoding="UTF-8"?>
<!-- Generated by org.testng.reporters.JUnitReportReporter -->
<testsuite hostname="DESKTOP-P6R94B2" failures="0" tests="3" name="Automation.HomePage" time="28.971" errors="0" timestamp="2021-03-22T16:40:49 CET" skipped="0">
  <testcase classname="Automation.HomePage" name="basePageNavigation" time="6.224"/>
  <system-out/>
  <testcase classname="Automation.HomePage" name="basePageNavigation" time="15.486"/>
  <system-out/>
  <testcase classname="Automation.HomePage" name="forgotPassword" time="7.261"/>
  <system-out/>
</testsuite> <!-- Automation.HomePage -->
