<?xml version="1.0" encoding="UTF-8"?>
<!-- Generated by org.testng.reporters.JUnitReportReporter -->
<testsuite hostname="DESKTOP-P6R94B2" failures="0" tests="3" name="Automation.HomePage" time="17.859" errors="0" timestamp="2021-03-24T01:13:49 CET" skipped="0">
  <testcase classname="Automation.HomePage" name="basePageNavigation" time="5.592"/>
  <system-out/>
  <testcase classname="Automation.HomePage" name="basePageNavigation" time="5.096"/>
  <system-out/>
  <testcase classname="Automation.HomePage" name="forgotPassword" time="7.171"/>
  <system-out/>
</testsuite> <!-- Automation.HomePage -->
